
Randomized with seed 56121
spec/commands/show_spec.rb:47.468184329000906
spec/install/gems/post_install_spec.rb:9.471185824999338
spec/bundler/fetcher/dependency_spec.rb:0.1466310509986215
spec/install/security_policy_spec.rb:15.841035913001178
spec/install/gems/native_extensions_spec.rb:7.049419554001361
spec/install/gems/win32_spec.rb:0.7258881870002369
spec/commands/licenses_spec.rb:3.2801570360006735
spec/install/git_spec.rb:5.674648788000923
spec/commands/viz_spec.rb:17.651765123000587
spec/install/gemfile/specific_platform_spec.rb:60.194047180999405
spec/runtime/executable_spec.rb:27.563911911000105
spec/install/gemfile/groups_spec.rb:55.297282421999626
spec/install/gems/standalone_spec.rb:84.52183355000125
spec/bundler/index_spec.rb:0.01977574999909848
spec/bundler/ui_spec.rb:0.021159567000722745
spec/commands/config_spec.rb:53.63099895199957
spec/quality_spec.rb:3.0864917390008486
spec/bundler/plugin/api/source_spec.rb:0.08940534399880562
spec/update/redownload_spec.rb:5.556312466000236
spec/bundler/dep_proxy_spec.rb:0.03712171900042449
spec/bundler/installer/spec_installation_spec.rb:0.019380785999601358
spec/install/path_spec.rb:31.762586536000526
spec/bundler/version_ranges_spec.rb:0.08118562100025883
spec/bundler/spec_set_spec.rb:0.04703743000027316
spec/install/gemfile/eval_gemfile_spec.rb:5.721988290000809
spec/bundler/plugin_spec.rb:0.30167905499911285
spec/runtime/setup_spec.rb:133.93738133899933
spec/bundler/source_list_spec.rb:0.26011844399909023
spec/install/gems/env_spec.rb:9.616695008999159
spec/bundler/uri_credentials_filter_spec.rb:0.10374824599966814
spec/other/major_deprecation_spec.rb:47.163109760000225
spec/commands/newgem_spec.rb:60.52972560799935
spec/update/git_spec.rb:31.800089257001673
spec/bundler/ruby_version_spec.rb:0.26684904899957473
spec/bundler/fetcher/compact_index_spec.rb:0.08864060800078732

Randomized with seed 56121

Randomized with seed 34142
spec/commands/outdated_spec.rb:287.9695645029997
spec/commands/update_spec.rb:183.4720474329988
spec/bundler/build_metadata_spec.rb:0.03752196799905505
spec/install/redownload_spec.rb:13.751668926001003
spec/update/gems/post_install_spec.rb:12.641964139000265
spec/install/gemfile/platform_spec.rb:28.827175570999316
spec/bundler/stub_specification_spec.rb:0.007957592000821023
spec/commands/check_spec.rb:30.698483992000547
spec/install/gemfile/path_spec.rb:53.36975802199959
spec/commands/issue_spec.rb:1.3968031130007148
spec/runtime/platform_spec.rb:11.128955498999858
spec/update/gemfile_spec.rb:5.7753240990005
spec/install/failure_spec.rb:8.048604060999423
spec/runtime/with_unbundled_env_spec.rb:21.360369111998807
spec/runtime/gem_tasks_spec.rb:0.7721593019996362
spec/runtime/inline_spec.rb:11.289282417999857
spec/bundler/source/git/git_proxy_spec.rb:0.08439597799952026
spec/bundler/gem_helper_spec.rb:14.641066535999926
spec/bundler/source/rubygems_spec.rb:0.021140733999345684
spec/commands/init_spec.rb:7.041375814000276
spec/bundler/source_spec.rb:0.07728553200104216
spec/commands/remove_spec.rb:23.33799607400033
spec/bundler/plugin/dsl_spec.rb:0.03016402899993409
spec/bundler/fetcher/base_spec.rb:0.04282900500038522
spec/bundler/retry_spec.rb:0.021537590999287204
spec/bundler/vendored_persistent_spec.rb:0.05703896199884184
spec/bundler/fetcher/downloader_spec.rb:0.12135029599994596
spec/commands/lock_spec.rb:27.95664034299989
spec/bundler/worker_spec.rb:0.015282510999895749
spec/bundler/compact_index_client/updater_spec.rb:0.021883735000301385
spec/bundler/fetcher_spec.rb:0.10013865099972463
spec/install/binstubs_spec.rb:2.867258906000643
spec/other/platform_spec.rb:98.654415306999
spec/install/gemspecs_spec.rb:4.90872908700112
spec/commands/install_spec.rb:41.663651077000395
spec/cache/cache_path_spec.rb:2.17007837500023
spec/commands/info_spec.rb:15.480677513000046

Randomized with seed 34142

Randomized with seed 1443
spec/commands/list_spec.rb:9.916231629000322
spec/other/ext_spec.rb:1.3321815650006101
spec/install/process_lock_spec.rb:1.7707787800000006
spec/cache/platform_spec.rb:1.3947205310005302
spec/bundler/source/git_spec.rb:0.016837746999954106
spec/install/deploy_spec.rb:53.40726872800042
spec/cache/git_spec.rb:51.24958207099917
spec/install/allow_offline_install_spec.rb:14.02344098499998
spec/commands/help_spec.rb:5.187298472999828
spec/install/yanked_spec.rb:3.4293188139999984
spec/bundler/settings/validator_spec.rb:0.037700965000112774
spec/bundler/psyched_yaml_spec.rb:0.004273892000128399
spec/install/gemfile/lockfile_spec.rb:3.830203953999444
spec/bundler/plugin/installer_spec.rb:13.243830973000513
spec/resolver/basic_spec.rb:0.5124053510007798
spec/plugins/source/example_spec.rb:38.83340767300069
spec/plugins/command_spec.rb:10.317014936001215
spec/lock/git_spec.rb:4.706714416999603
spec/commands/package_spec.rb:28.90450774400051
spec/bundler/remote_specification_spec.rb:0.11733042299965746
spec/other/cli_dispatch_spec.rb:1.5753494130003673
spec/plugins/hook_spec.rb:11.452321855000264
spec/cache/gems_spec.rb:86.44870565400015
spec/commands/clean_spec.rb:58.52623809499892
spec/cache/path_spec.rb:33.15574911399926
spec/bundler/installer/parallel_installer_spec.rb:0.007344558000113466
spec/resolver/platform_spec.rb:0.07970581100016716
spec/install/gemfile/git_spec.rb:119.76909663799961
spec/commands/add_spec.rb:111.82285599399984
spec/bundler/lockfile_parser_spec.rb:0.07264668000061647
spec/install/bundler_spec.rb:33.163048954998885
spec/bundler/ui/shell_spec.rb:0.044581770000149845
spec/bundler/yaml_serializer_spec.rb:0.04150769499938178
spec/commands/console_spec.rb:13.145347301000584
spec/commands/post_bundle_message_spec.rb:19.746115088000806
spec/commands/exec_spec.rb:206.8425568570001

Randomized with seed 1443

Randomized with seed 9097
spec/bundler/source/path_spec.rb:19.804445447000035
spec/bundler/installer/gem_installer_spec.rb:0.018202269999164855
spec/install/gems/mirror_spec.rb:2.7376943039989783
spec/bundler/ruby_dsl_spec.rb:0.08038593899982516
spec/install/gems/dependency_api_spec.rb:397.73606609499984
spec/bundler/fetcher/index_spec.rb:0.1232661329995608
spec/install/gemfile/gemspec_spec.rb:86.84751990399855
spec/install/global_cache_spec.rb:31.55829704399912
spec/bundler/cli_spec.rb:11.095806916000583
spec/install/gems/compact_index_spec.rb:383.86363300999983
spec/runtime/require_spec.rb:12.944469186999413
spec/bundler/rubygems_integration_spec.rb:0.02543087499907415
spec/bundler/environment_preserver_spec.rb:0.023267853999641375
spec/install/gems/resolving_spec.rb:16.262438605999705
spec/quality_es_spec.rb:0.0724097009988327
spec/bundler/mirror_spec.rb:0.07221723099974042
spec/bundler/gem_version_promoter_spec.rb:0.05561382299856632
spec/install/gemfile/sources_spec.rb:35.575343783999415
spec/commands/inject_spec.rb:6.5954560810005205
spec/install/gemfile/ruby_spec.rb:4.619814196999869
spec/bundler/endpoint_specification_spec.rb:0.017555758999151294
spec/commands/open_spec.rb:11.234502854000311
spec/commands/version_spec.rb:0.6026065390014992
spec/install/gemfile_spec.rb:5.000423842999226
spec/bundler/friendly_errors_spec.rb:0.5519170540010236
spec/commands/binstubs_spec.rb:53.36163599000065
spec/plugins/list_spec.rb:4.500724708999769
spec/update/path_spec.rb:0.8451760829993873
spec/bundler/source/rubygems/remote_spec.rb:0.09629752399996505
spec/install/prereleases_spec.rb:3.227003396999862
spec/install/gems/flex_spec.rb:22.9801546280014
spec/bundler/plugin/api_spec.rb:0.03264594699976442
spec/lock/lockfile_spec.rb:25.363698287999796
spec/bundler/plugin/source_list_spec.rb:0.016998147000776953
spec/bundler/plugin/events_spec.rb:0.003234159999919939

Randomized with seed 9097
